<?xml version="1.0" encoding="UTF-8"?>
<!-- Generated by org.testng.reporters.JUnitReportReporter -->
<testsuite hostname="LONR903CGPW" name="com.tests.hcom.AutoSuggestTest" tests="3" failures="0" timestamp="22 Feb 2017 10:20:44 GMT" time="14.222" errors="0">
  <testcase name="testSearchResultsPage" time="0.217" classname="com.tests.hcom.AutoSuggestTest"/>
  <testcase name="testLogin" time="7.433" classname="com.tests.hcom.AutoSuggestTest"/>
  <testcase name="testAutoSuggest" time="6.572" classname="com.tests.hcom.AutoSuggestTest"/>
</testsuite> <!-- com.tests.hcom.AutoSuggestTest -->
