<?xml version="1.0" encoding="UTF-8"?>
<!-- Generated by org.testng.reporters.JUnitReportReporter -->
<testsuite hostname="LONR903CGPW" name="com.tests.hcom.AutoSuggestTest" tests="3" failures="0" timestamp="24 Feb 2017 10:34:10 GMT" time="33.577" errors="0">
  <testcase name="testSearchResultsPage" time="0.824" classname="com.tests.hcom.AutoSuggestTest"/>
  <testcase name="testLogin" time="19.653" classname="com.tests.hcom.AutoSuggestTest"/>
  <testcase name="testAutoSuggest" time="13.100" classname="com.tests.hcom.AutoSuggestTest"/>
</testsuite> <!-- com.tests.hcom.AutoSuggestTest -->
