<?xml version="1.0" encoding="UTF-8"?>
<!-- Generated by org.testng.reporters.JUnitReportReporter -->
<testsuite hostname="LONR903CGPW" name="com.tests.hcom.AutoSuggestTest" tests="3" failures="0" timestamp="22 Feb 2017 08:28:30 GMT" time="13.073" errors="0">
  <testcase name="testSearchResultsPage" time="0.131" classname="com.tests.hcom.AutoSuggestTest"/>
  <testcase name="testLogin" time="7.508" classname="com.tests.hcom.AutoSuggestTest"/>
  <testcase name="testAutoSuggest" time="5.434" classname="com.tests.hcom.AutoSuggestTest"/>
</testsuite> <!-- com.tests.hcom.AutoSuggestTest -->
