<?xml version="1.0" encoding="UTF-8"?>
<!-- Generated by org.testng.reporters.JUnitReportReporter -->
<testsuite hostname="LONR903CGPW" name="com.tests.hcom.AppTest" tests="1" failures="0" timestamp="24 Feb 2017 10:34:12 GMT" time="0.004" errors="0">
  <testcase name="testApp" time="0.004" classname="com.tests.hcom.AppTest"/>
</testsuite> <!-- com.tests.hcom.AppTest -->
