<?xml version="1.0" encoding="UTF-8"?>
<!-- Generated by org.testng.reporters.JUnitReportReporter -->
<testsuite hostname="LONR903CGPW" name="com.tests.hcom.AppTest" tests="1" failures="0" timestamp="22 Feb 2017 10:20:44 GMT" time="0.003" errors="0">
  <testcase name="testApp" time="0.003" classname="com.tests.hcom.AppTest"/>
</testsuite> <!-- com.tests.hcom.AppTest -->
