<?xml version="1.0" encoding="UTF-8"?>
<!-- Generated by org.testng.reporters.JUnitReportReporter -->
<testsuite hostname="LONR903CGPW" name="com.tests.hcom.AutoSuggestTest" tests="3" failures="0" timestamp="22 Feb 2017 11:29:19 GMT" time="12.020" errors="0">
  <testcase name="testSearchResultsPage" time="0.204" classname="com.tests.hcom.AutoSuggestTest"/>
  <testcase name="testAutoSuggest" time="5.207" classname="com.tests.hcom.AutoSuggestTest"/>
  <testcase name="testLogin" time="6.609" classname="com.tests.hcom.AutoSuggestTest"/>
</testsuite> <!-- com.tests.hcom.AutoSuggestTest -->
